<?xml version="1.0" encoding="UTF-8"?>
<testsuites name="ClocKin" time="28" tests="1" failures="0" errors="0">
   <testsuite name="ClocKin" tests="1" failures="0" errors="0" time="28" timestamp="2018-09-26 10:06:48" hostname="E004475 - HW1479.cignitiglobal.com" id="Test Suites/ClocKin">
      <properties>
         <property name="deviceName" value=""/>
         <property name="devicePlatform" value=""/>
         <property name="logFolder" value="C:\\Users\\e004475\\Katalon Studio\\Demo_automation\\Reports\\ClocKin\\20180926_100646"/>
         <property name="logFiles" value="C:\\Users\\e004475\\Katalon Studio\\Demo_automation\\Reports\\ClocKin\\20180926_100646\\execution0.log"/>
         <property name="attachments" value=""/>
         <property name="hostName" value="E004475 - HW1479.cignitiglobal.com"/>
         <property name="os" value="Windows 7 64bit"/>
         <property name="katalonVersion" value="5.6.0.1"/>
         <property name="browser" value="Chrome 69.0.3497.100"/>
         <property name="hostAddress" value="10.62.64.108"/>
         <property name="sessionId" value="1c9b8bdc2fd85d2f9eaeb710984a1f5c"/>
         <property name="seleniumVersion" value="3.7.1"/>
         <property name="proxyInformation" value="ProxyInformation{proxyOption=NO_PROXY, proxyServerType=HTTP, password=, proxyServerAddress=, proxyServerPort=0}"/>
         <property name="platform" value="Windows 7"/>
      </properties>
      <testcase name="Test Cases/CLockIn_automate" classname="Test Cases/CLockIn_automate" status="PASSED">
         <system-out><![CDATA[2018-09-26 10:06:48 - [TEST_CASE][PASSED] - Test Cases/CLockIn_automate: Test Cases/CLockIn_automate

2018-09-26 10:06:49 - [TEST_STEP][PASSED] - openBrowser: Browser is opened with url: ''

2018-09-26 10:07:00 - [MESSAGE][PASSED] - Browser is opened with url: ''

2018-09-26 10:07:00 - [TEST_STEP][PASSED] - navigateToUrl: Navigate to 'https://cigniti.darwinbox.in/attendance' successfully

2018-09-26 10:07:04 - [MESSAGE][PASSED] - Navigate to 'https://cigniti.darwinbox.in/attendance' successfully

2018-09-26 10:07:04 - [TEST_STEP][PASSED] - setText: Text 'e004475@cigniti.com' is set on object 'Object Repository/ClockIn/Page_Sign in to your account/input_loginfmt'

2018-09-26 10:07:06 - [MESSAGE][PASSED] - Text 'e004475@cigniti.com' is set on object 'Object Repository/ClockIn/Page_Sign in to your account/input_loginfmt'

2018-09-26 10:07:06 - [TEST_STEP][PASSED] - click: Object: 'Object Repository/ClockIn/Page_Sign in to your account/nextBtn' is clicked on

2018-09-26 10:07:07 - [MESSAGE][PASSED] - Object: 'Object Repository/ClockIn/Page_Sign in to your account/nextBtn' is clicked on

2018-09-26 10:07:07 - [TEST_STEP][PASSED] - setEncryptedText: Text ****** has been set on object 'Object Repository/ClockIn/Page_Sign in to your account/input_passwd'

2018-09-26 10:07:08 - [MESSAGE][PASSED] - Text ****** has been set on object 'Object Repository/ClockIn/Page_Sign in to your account/input_passwd'

2018-09-26 10:07:08 - [TEST_STEP][PASSED] - click: Object: 'Object Repository/ClockIn/Page_Sign in to your account/input_idSIButton9' is clicked on

2018-09-26 10:07:09 - [MESSAGE][PASSED] - Object: 'Object Repository/ClockIn/Page_Sign in to your account/input_idSIButton9' is clicked on

2018-09-26 10:07:09 - [TEST_STEP][PASSED] - click: Object: 'Object Repository/ClockIn/Page_Sign in to your account/input_idSIButton9' is clicked on

2018-09-26 10:07:11 - [MESSAGE][PASSED] - Object: 'Object Repository/ClockIn/Page_Sign in to your account/input_idSIButton9' is clicked on

2018-09-26 10:07:11 - [TEST_STEP][PASSED] - click: Object: 'Object Repository/ClockIn/Page_Cigniti Technologies India Ltd/div_clearfix' is clicked on

2018-09-26 10:07:13 - [MESSAGE][PASSED] - Object: 'Object Repository/ClockIn/Page_Cigniti Technologies India Ltd/div_clearfix' is clicked on

2018-09-26 10:07:13 - [TEST_STEP][PASSED] - delay: Delayed 2 second(s)

2018-09-26 10:07:15 - [MESSAGE][PASSED] - Delayed 2 second(s)

2018-09-26 10:07:15 - [TEST_STEP][PASSED] - closeBrowser: Browser is closed

2018-09-26 10:07:16 - [MESSAGE][PASSED] - Browser is closed]]></system-out>
         <system-err><![CDATA[]]></system-err>
      </testcase>
      <system-out><![CDATA[2018-09-26 10:06:48 - [TEST_SUITE][PASSED] - ClocKin: Test Cases/CLockIn_automate]]></system-out>
      <system-err><![CDATA[]]></system-err>
   </testsuite>
</testsuites>
